<?xml version="1.0" encoding="UTF-8"?>
<testng-results ignored="0" total="0" passed="0" failed="0" skipped="0">
  <reporter-output>
    <line>
      <![CDATA[open Browser]]>
    </line>
  </reporter-output>
  <suite started-at="2024-09-01T12:12:01 IST" name="Suite" finished-at="2024-09-01T12:12:01 IST" duration-ms="34">
    <groups>
    </groups>
    <test started-at="2024-09-01T12:12:01 IST" name="Test" finished-at="2024-09-01T12:12:01 IST" duration-ms="34">
      <class name="com.actitime.testscript.CustomerModule">
        <test-method is-config="true" signature="openBrowser()[pri:0, instance:com.actitime.testscript.CustomerModule@37afeb11]" started-at="2024-09-01T12:12:01 IST" name="openBrowser" finished-at="2024-09-01T12:12:01 IST" duration-ms="16" status="PASS">
          <reporter-output>
            <line>
              <![CDATA[open Browser]]>
            </line>
          </reporter-output>
        </test-method> <!-- openBrowser -->
      </class> <!-- com.actitime.testscript.CustomerModule -->
    </test> <!-- Test -->
  </suite> <!-- Suite -->
</testng-results>
